<?xml version="1.0" encoding="UTF-8"?>
<!-- Generated by org.testng.reporters.JUnitXMLReporter -->
<testsuite hostname="Dev-5-PC" ignored="0" name="Surefire test" tests="6" failures="0" timestamp="25 Apr 2019 18:44:41 GMT" time="93.353" errors="0">
  <testcase name="createNewContactTest" time="5.076" classname="com.TestProject.qa.Testcases.ContactPageTest"/>
  <testcase name="createNewContactTest" time="4.941" classname="com.TestProject.qa.Testcases.ContactPageTest"/>
  <testcase name="createNewContactTest" time="5.666" classname="com.TestProject.qa.Testcases.ContactPageTest"/>
  <testcase name="verifyLoggedInUserNameTest" time="1.61" classname="com.TestProject.qa.Testcases.HomePageTest"/>
  <testcase name="getPageTitleTest" time="0.004" classname="com.TestProject.qa.Testcases.LoginPageTest"/>
  <testcase name="loginPageTest" time="2.059" classname="com.TestProject.qa.Testcases.LoginPageTest"/>
</testsuite> <!-- Surefire test -->
