<?xml version="1.0" encoding="UTF-8"?>
<!-- Generated by org.testng.reporters.JUnitXMLReporter -->
<testsuite hostname="Dev-5-PC" ignored="0" name="Functional Automation Tests" tests="2" failures="0" timestamp="29 Apr 2019 20:05:43 GMT" time="21.735" errors="0">
  <testcase name="getPageTitleTest" time="0.015" classname="com.TestProject.qa.Testcases.LoginPageTest"/>
  <testcase name="loginPageTest" time="0.486" classname="com.TestProject.qa.Testcases.LoginPageTest"/>
</testsuite> <!-- Functional Automation Tests -->
