<?xml version="1.0" encoding="UTF-8"?>
<!-- Generated by org.testng.reporters.JUnitXMLReporter -->
<testsuite hostname="Dev-5-PC" ignored="0" name="Functional Automation Tests" tests="2" failures="0" timestamp="02 May 2019 18:20:03 GMT" time="22.648" errors="0">
  <testcase name="getPageTitleTest" time="0.022" classname="com.TestProject.qa.Testcases.LoginPageTest"/>
  <testcase name="loginPageTest" time="0.403" classname="com.TestProject.qa.Testcases.LoginPageTest"/>
</testsuite> <!-- Functional Automation Tests -->
