<?xml version="1.0" encoding="UTF-8"?>
<testng-results skipped="0" failed="0" ignored="0" total="2" passed="2">
  <reporter-output>
  </reporter-output>
  <suite name="Test Project Automation Suite" duration-ms="21735" started-at="2019-04-29T20:05:21Z" finished-at="2019-04-29T20:05:42Z">
    <groups>
    </groups>
    <test name="Functional Automation Tests" duration-ms="21735" started-at="2019-04-29T20:05:21Z" finished-at="2019-04-29T20:05:42Z">
      <class name="com.TestProject.qa.Testcases.LoginPageTest">
        <test-method status="PASS" signature="setUp()[pri:0, instance:com.TestProject.qa.Testcases.LoginPageTest@345965f2]" name="setUp" is-config="true" duration-ms="10191" started-at="2019-04-29T20:05:21Z" finished-at="2019-04-29T20:05:31Z">
          <reporter-output>
          </reporter-output>
        </test-method> <!-- setUp -->
        <test-method status="PASS" signature="getPageTitleTest()[pri:1, instance:com.TestProject.qa.Testcases.LoginPageTest@345965f2]" name="getPageTitleTest" duration-ms="15" started-at="2019-04-29T20:05:31Z" finished-at="2019-04-29T20:05:31Z">
          <reporter-output>
          </reporter-output>
        </test-method> <!-- getPageTitleTest -->
        <test-method status="PASS" signature="tearDown()[pri:0, instance:com.TestProject.qa.Testcases.LoginPageTest@345965f2]" name="tearDown" is-config="true" duration-ms="594" started-at="2019-04-29T20:05:31Z" finished-at="2019-04-29T20:05:32Z">
          <reporter-output>
          </reporter-output>
        </test-method> <!-- tearDown -->
        <test-method status="PASS" signature="setUp()[pri:0, instance:com.TestProject.qa.Testcases.LoginPageTest@345965f2]" name="setUp" is-config="true" duration-ms="9846" started-at="2019-04-29T20:05:32Z" finished-at="2019-04-29T20:05:41Z">
          <reporter-output>
          </reporter-output>
        </test-method> <!-- setUp -->
        <test-method status="PASS" signature="loginPageTest()[pri:2, instance:com.TestProject.qa.Testcases.LoginPageTest@345965f2]" name="loginPageTest" duration-ms="486" started-at="2019-04-29T20:05:41Z" finished-at="2019-04-29T20:05:42Z">
          <reporter-output>
          </reporter-output>
        </test-method> <!-- loginPageTest -->
        <test-method status="PASS" signature="tearDown()[pri:0, instance:com.TestProject.qa.Testcases.LoginPageTest@345965f2]" name="tearDown" is-config="true" duration-ms="577" started-at="2019-04-29T20:05:42Z" finished-at="2019-04-29T20:05:42Z">
          <reporter-output>
          </reporter-output>
        </test-method> <!-- tearDown -->
      </class> <!-- com.TestProject.qa.Testcases.LoginPageTest -->
    </test> <!-- Functional Automation Tests -->
  </suite> <!-- Test Project Automation Suite -->
</testng-results>
