<?xml version="1.0" encoding="UTF-8"?>
<testng-results skipped="0" failed="1" total="6" passed="5">
  <reporter-output>
  </reporter-output>
  <suite name="Test Project Automation Suite" duration-ms="81138" started-at="2019-04-24T21:54:07Z" finished-at="2019-04-24T21:55:29Z">
    <groups>
    </groups>
    <test name="Functional Automation Tests" duration-ms="81138" started-at="2019-04-24T21:54:07Z" finished-at="2019-04-24T21:55:29Z">
      <class name="com.TestProject.qa.Testcases.HomePageTest">
        <test-method status="PASS" signature="setUp()[pri:0, instance:com.TestProject.qa.Testcases.HomePageTest@2bea5ab4]" name="setUp" is-config="true" duration-ms="9019" started-at="2019-04-24T14:54:17Z" finished-at="2019-04-24T14:54:26Z">
          <reporter-output>
          </reporter-output>
        </test-method> <!-- setUp -->
        <test-method status="PASS" signature="verifyLoggedInUserNameTest()[pri:1, instance:com.TestProject.qa.Testcases.HomePageTest@2bea5ab4]" name="verifyLoggedInUserNameTest" duration-ms="1870" started-at="2019-04-24T14:54:26Z" finished-at="2019-04-24T14:54:28Z">
          <reporter-output>
          </reporter-output>
        </test-method> <!-- verifyLoggedInUserNameTest -->
        <test-method status="PASS" signature="tearDown()[pri:0, instance:com.TestProject.qa.Testcases.HomePageTest@2bea5ab4]" name="tearDown" is-config="true" duration-ms="608" started-at="2019-04-24T14:54:28Z" finished-at="2019-04-24T14:54:29Z">
          <reporter-output>
          </reporter-output>
        </test-method> <!-- tearDown -->
      </class> <!-- com.TestProject.qa.Testcases.HomePageTest -->
      <class name="com.TestProject.qa.Testcases.LoginPageTest">
        <test-method status="PASS" signature="setUp()[pri:0, instance:com.TestProject.qa.Testcases.LoginPageTest@76b10754]" name="setUp" is-config="true" duration-ms="9233" started-at="2019-04-24T14:54:07Z" finished-at="2019-04-24T14:54:17Z">
          <reporter-output>
          </reporter-output>
        </test-method> <!-- setUp -->
        <test-method status="PASS" signature="getPageTitleTest()[pri:1, instance:com.TestProject.qa.Testcases.LoginPageTest@76b10754]" name="getPageTitleTest" duration-ms="63" started-at="2019-04-24T14:54:17Z" finished-at="2019-04-24T14:54:17Z">
          <reporter-output>
          </reporter-output>
        </test-method> <!-- getPageTitleTest -->
        <test-method status="PASS" signature="tearDown()[pri:0, instance:com.TestProject.qa.Testcases.LoginPageTest@76b10754]" name="tearDown" is-config="true" duration-ms="685" started-at="2019-04-24T14:54:17Z" finished-at="2019-04-24T14:54:17Z">
          <reporter-output>
          </reporter-output>
        </test-method> <!-- tearDown -->
        <test-method status="PASS" signature="setUp()[pri:0, instance:com.TestProject.qa.Testcases.LoginPageTest@76b10754]" name="setUp" is-config="true" duration-ms="9129" started-at="2019-04-24T14:55:18Z" finished-at="2019-04-24T14:55:28Z">
          <reporter-output>
          </reporter-output>
        </test-method> <!-- setUp -->
        <test-method status="PASS" signature="loginPageTest()[pri:2, instance:com.TestProject.qa.Testcases.LoginPageTest@76b10754]" name="loginPageTest" duration-ms="386" started-at="2019-04-24T14:55:28Z" finished-at="2019-04-24T14:55:28Z">
          <reporter-output>
          </reporter-output>
        </test-method> <!-- loginPageTest -->
        <test-method status="PASS" signature="tearDown()[pri:0, instance:com.TestProject.qa.Testcases.LoginPageTest@76b10754]" name="tearDown" is-config="true" duration-ms="582" started-at="2019-04-24T14:55:28Z" finished-at="2019-04-24T14:55:29Z">
          <reporter-output>
          </reporter-output>
        </test-method> <!-- tearDown -->
      </class> <!-- com.TestProject.qa.Testcases.LoginPageTest -->
      <class name="com.TestProject.qa.Testcases.ContactPageTest">
        <test-method status="PASS" signature="setUp()[pri:0, instance:com.TestProject.qa.Testcases.ContactPageTest@3d8314f0]" name="setUp" is-config="true" duration-ms="10715" started-at="2019-04-24T14:54:29Z" finished-at="2019-04-24T14:54:40Z">
          <reporter-output>
          </reporter-output>
        </test-method> <!-- setUp -->
        <test-method status="PASS" signature="createNewContactTest(java.lang.String, java.lang.String, java.lang.String, java.lang.String, java.lang.String, java.lang.String, java.lang.String, java.lang.String, java.lang.String, java.lang.String)[pri:1, instance:com.TestProject.qa.Testcases.ContactPageTest@3d8314f0]" name="createNewContactTest" duration-ms="4948" started-at="2019-04-24T14:54:40Z" data-provider="getTestData" finished-at="2019-04-24T14:54:45Z">
          <params>
            <param index="0">
              <value>
                <![CDATA[Rehan]]>
              </value>
            </param>
            <param index="1">
              <value>
                <![CDATA[Sharaf]]>
              </value>
            </param>
            <param index="2">
              <value>
                <![CDATA[Khan]]>
              </value>
            </param>
            <param index="3">
              <value>
                <![CDATA[rehan123@mail.com]]>
              </value>
            </param>
            <param index="4">
              <value>
                <![CDATA[No Such Description]]>
              </value>
            </param>
            <param index="5">
              <value>
                <![CDATA[Lead]]>
              </value>
            </param>
            <param index="6">
              <value>
                <![CDATA[Do Not Call]]>
              </value>
            </param>
            <param index="7">
              <value>
                <![CDATA[10]]>
              </value>
            </param>
            <param index="8">
              <value>
                <![CDATA[July]]>
              </value>
            </param>
            <param index="9">
              <value>
                <![CDATA[1988]]>
              </value>
            </param>
          </params>
          <reporter-output>
          </reporter-output>
        </test-method> <!-- createNewContactTest -->
        <test-method status="PASS" signature="tearDown()[pri:0, instance:com.TestProject.qa.Testcases.ContactPageTest@3d8314f0]" name="tearDown" is-config="true" duration-ms="603" started-at="2019-04-24T14:54:45Z" finished-at="2019-04-24T14:54:46Z">
          <reporter-output>
          </reporter-output>
        </test-method> <!-- tearDown -->
        <test-method status="PASS" signature="setUp()[pri:0, instance:com.TestProject.qa.Testcases.ContactPageTest@3d8314f0]" name="setUp" is-config="true" duration-ms="11141" started-at="2019-04-24T14:54:46Z" finished-at="2019-04-24T14:54:57Z">
          <reporter-output>
          </reporter-output>
        </test-method> <!-- setUp -->
        <test-method status="FAIL" signature="createNewContactTest(java.lang.String, java.lang.String, java.lang.String, java.lang.String, java.lang.String, java.lang.String, java.lang.String, java.lang.String, java.lang.String, java.lang.String)[pri:1, instance:com.TestProject.qa.Testcases.ContactPageTest@3d8314f0]" name="createNewContactTest" duration-ms="4214" started-at="2019-04-24T14:54:57Z" data-provider="getTestData" finished-at="2019-04-24T14:55:01Z">
          <params>
            <param index="0">
              <value>
                <![CDATA[Adnan]]>
              </value>
            </param>
            <param index="1">
              <value>
                <![CDATA[Sharaf]]>
              </value>
            </param>
            <param index="2">
              <value>
                <![CDATA[Khan]]>
              </value>
            </param>
            <param index="3">
              <value>
                <![CDATA[adnan1234@mail.com]]>
              </value>
            </param>
            <param index="4">
              <value>
                <![CDATA[No Such Description]]>
              </value>
            </param>
            <param index="5">
              <value>
                <![CDATA[Customer]]>
              </value>
            </param>
            <param index="6">
              <value>
                <![CDATA[Do Not Call]]>
              </value>
            </param>
            <param index="7">
              <value>
                <![CDATA[2]]>
              </value>
            </param>
            <param index="8">
              <value>
                <![CDATA[June]]>
              </value>
            </param>
            <param index="9">
              <value>
                <![CDATA[1990]]>
              </value>
            </param>
          </params>
          <exception class="org.openqa.selenium.WebDriverException">
            <message>
              <![CDATA[unknown error: Element <button class="ui linkedin button">...</button> is not clickable at point (727, 75). Other element would receive the click: <button class="ui basic button item">...</button>
  (Session info: chrome=73.0.3683.103)
  (Driver info: chromedriver=2.44.609538 (b655c5a60b0b544917107a59d4153d4bf78e1b90),platform=Windows NT 6.1.7601 SP1 x86_64) (WARNING: The server did not provide any stacktrace information)
Command duration or timeout: 0 milliseconds
Build info: version: '3.141.59', revision: 'e82be7d358', time: '2018-11-14T08:17:03'
System info: host: 'DEV-5-PC', ip: '192.168.11.151', os.name: 'Windows 7', os.arch: 'amd64', os.version: '6.1', java.version: '1.8.0_91'
Driver info: org.openqa.selenium.chrome.ChromeDriver
Capabilities {acceptInsecureCerts: false, acceptSslCerts: false, applicationCacheEnabled: false, browserConnectionEnabled: false, browserName: chrome, chrome: {chromedriverVersion: 2.44.609538 (b655c5a60b0b54..., userDataDir: C:\Users\ADMINI~1\AppData\L...}, cssSelectorsEnabled: true, databaseEnabled: false, goog:chromeOptions: {debuggerAddress: localhost:53678}, handlesAlerts: true, hasTouchScreen: false, javascriptEnabled: true, locationContextEnabled: true, mobileEmulationEnabled: false, nativeEvents: true, networkConnectionEnabled: false, pageLoadStrategy: normal, platform: XP, platformName: XP, rotatable: false, setWindowRect: true, takesHeapSnapshot: true, takesScreenshot: true, unexpectedAlertBehaviour: ignore, unhandledPromptBehavior: ignore, version: 73.0.3683.103, webStorageEnabled: true}
Session ID: ef36dbdea73cb0d3c79aa342a140f920]]>
            </message>
            <full-stacktrace>
              <![CDATA[org.openqa.selenium.WebDriverException: unknown error: Element <button class="ui linkedin button">...</button> is not clickable at point (727, 75). Other element would receive the click: <button class="ui basic button item">...</button>
  (Session info: chrome=73.0.3683.103)
  (Driver info: chromedriver=2.44.609538 (b655c5a60b0b544917107a59d4153d4bf78e1b90),platform=Windows NT 6.1.7601 SP1 x86_64) (WARNING: The server did not provide any stacktrace information)
Command duration or timeout: 0 milliseconds
Build info: version: '3.141.59', revision: 'e82be7d358', time: '2018-11-14T08:17:03'
System info: host: 'DEV-5-PC', ip: '192.168.11.151', os.name: 'Windows 7', os.arch: 'amd64', os.version: '6.1', java.version: '1.8.0_91'
Driver info: org.openqa.selenium.chrome.ChromeDriver
Capabilities {acceptInsecureCerts: false, acceptSslCerts: false, applicationCacheEnabled: false, browserConnectionEnabled: false, browserName: chrome, chrome: {chromedriverVersion: 2.44.609538 (b655c5a60b0b54..., userDataDir: C:\Users\ADMINI~1\AppData\L...}, cssSelectorsEnabled: true, databaseEnabled: false, goog:chromeOptions: {debuggerAddress: localhost:53678}, handlesAlerts: true, hasTouchScreen: false, javascriptEnabled: true, locationContextEnabled: true, mobileEmulationEnabled: false, nativeEvents: true, networkConnectionEnabled: false, pageLoadStrategy: normal, platform: XP, platformName: XP, rotatable: false, setWindowRect: true, takesHeapSnapshot: true, takesScreenshot: true, unexpectedAlertBehaviour: ignore, unhandledPromptBehavior: ignore, version: 73.0.3683.103, webStorageEnabled: true}
Session ID: ef36dbdea73cb0d3c79aa342a140f920
	at sun.reflect.NativeConstructorAccessorImpl.newInstance0(Native Method)
	at sun.reflect.NativeConstructorAccessorImpl.newInstance(Unknown Source)
	at sun.reflect.DelegatingConstructorAccessorImpl.newInstance(Unknown Source)
	at java.lang.reflect.Constructor.newInstance(Unknown Source)
	at org.openqa.selenium.remote.ErrorHandler.createThrowable(ErrorHandler.java:214)
	at org.openqa.selenium.remote.ErrorHandler.throwIfResponseFailed(ErrorHandler.java:166)
	at org.openqa.selenium.remote.http.JsonHttpResponseCodec.reconstructValue(JsonHttpResponseCodec.java:40)
	at org.openqa.selenium.remote.http.AbstractHttpResponseCodec.decode(AbstractHttpResponseCodec.java:80)
	at org.openqa.selenium.remote.http.AbstractHttpResponseCodec.decode(AbstractHttpResponseCodec.java:44)
	at org.openqa.selenium.remote.HttpCommandExecutor.execute(HttpCommandExecutor.java:158)
	at org.openqa.selenium.remote.service.DriverCommandExecutor.execute(DriverCommandExecutor.java:83)
	at org.openqa.selenium.remote.RemoteWebDriver.execute(RemoteWebDriver.java:552)
	at org.openqa.selenium.remote.RemoteWebElement.execute(RemoteWebElement.java:285)
	at org.openqa.selenium.remote.RemoteWebElement.click(RemoteWebElement.java:84)
	at sun.reflect.GeneratedMethodAccessor8.invoke(Unknown Source)
	at sun.reflect.DelegatingMethodAccessorImpl.invoke(Unknown Source)
	at java.lang.reflect.Method.invoke(Unknown Source)
	at org.openqa.selenium.support.events.EventFiringWebDriver$EventFiringWebElement.lambda$new$0(EventFiringWebDriver.java:404)
	at com.sun.proxy.$Proxy12.click(Unknown Source)
	at org.openqa.selenium.support.events.EventFiringWebDriver$EventFiringWebElement.click(EventFiringWebDriver.java:417)
	at sun.reflect.GeneratedMethodAccessor8.invoke(Unknown Source)
	at sun.reflect.DelegatingMethodAccessorImpl.invoke(Unknown Source)
	at java.lang.reflect.Method.invoke(Unknown Source)
	at org.openqa.selenium.support.pagefactory.internal.LocatingElementHandler.invoke(LocatingElementHandler.java:51)
	at com.sun.proxy.$Proxy11.click(Unknown Source)
	at com.TestProject.qa.pages.CreateNewContactPage.addNewContact(CreateNewContactPage.java:88)
	at com.TestProject.qa.Testcases.ContactPageTest.createNewContactTest(ContactPageTest.java:53)
	at sun.reflect.NativeMethodAccessorImpl.invoke0(Native Method)
	at sun.reflect.NativeMethodAccessorImpl.invoke(Unknown Source)
	at sun.reflect.DelegatingMethodAccessorImpl.invoke(Unknown Source)
	at java.lang.reflect.Method.invoke(Unknown Source)
	at org.testng.internal.MethodInvocationHelper.invokeMethod(MethodInvocationHelper.java:86)
	at org.testng.internal.Invoker.invokeMethod(Invoker.java:645)
	at org.testng.internal.Invoker.invokeTestMethod(Invoker.java:822)
	at org.testng.internal.Invoker.invokeTestMethods(Invoker.java:1130)
	at org.testng.internal.TestMethodWorker.invokeTestMethods(TestMethodWorker.java:129)
	at org.testng.internal.TestMethodWorker.run(TestMethodWorker.java:112)
	at org.testng.TestRunner.privateRun(TestRunner.java:782)
	at org.testng.TestRunner.run(TestRunner.java:632)
	at org.testng.SuiteRunner.runTest(SuiteRunner.java:366)
	at org.testng.SuiteRunner.runSequentially(SuiteRunner.java:361)
	at org.testng.SuiteRunner.privateRun(SuiteRunner.java:319)
	at org.testng.SuiteRunner.run(SuiteRunner.java:268)
	at org.testng.SuiteRunnerWorker.runSuite(SuiteRunnerWorker.java:52)
	at org.testng.SuiteRunnerWorker.run(SuiteRunnerWorker.java:86)
	at org.testng.TestNG.runSuitesSequentially(TestNG.java:1244)
	at org.testng.TestNG.runSuitesLocally(TestNG.java:1169)
	at org.testng.TestNG.run(TestNG.java:1064)
	at org.testng.remote.RemoteTestNG.run(RemoteTestNG.java:113)
	at org.testng.remote.RemoteTestNG.initAndRun(RemoteTestNG.java:206)
	at org.testng.remote.RemoteTestNG.main(RemoteTestNG.java:177)
]]>
            </full-stacktrace>
          </exception> <!-- org.openqa.selenium.WebDriverException -->
          <reporter-output>
          </reporter-output>
        </test-method> <!-- createNewContactTest -->
        <test-method status="PASS" signature="tearDown()[pri:0, instance:com.TestProject.qa.Testcases.ContactPageTest@3d8314f0]" name="tearDown" is-config="true" duration-ms="641" started-at="2019-04-24T14:55:01Z" finished-at="2019-04-24T14:55:02Z">
          <reporter-output>
          </reporter-output>
        </test-method> <!-- tearDown -->
        <test-method status="PASS" signature="setUp()[pri:0, instance:com.TestProject.qa.Testcases.ContactPageTest@3d8314f0]" name="setUp" is-config="true" duration-ms="10630" started-at="2019-04-24T14:55:02Z" finished-at="2019-04-24T14:55:12Z">
          <reporter-output>
          </reporter-output>
        </test-method> <!-- setUp -->
        <test-method status="PASS" signature="createNewContactTest(java.lang.String, java.lang.String, java.lang.String, java.lang.String, java.lang.String, java.lang.String, java.lang.String, java.lang.String, java.lang.String, java.lang.String)[pri:1, instance:com.TestProject.qa.Testcases.ContactPageTest@3d8314f0]" name="createNewContactTest" duration-ms="5421" started-at="2019-04-24T14:55:12Z" data-provider="getTestData" finished-at="2019-04-24T14:55:18Z">
          <params>
            <param index="0">
              <value>
                <![CDATA[Zubair]]>
              </value>
            </param>
            <param index="1">
              <value>
                <![CDATA[Sharaf]]>
              </value>
            </param>
            <param index="2">
              <value>
                <![CDATA[No Middle]]>
              </value>
            </param>
            <param index="3">
              <value>
                <![CDATA[zubair@mail.com]]>
              </value>
            </param>
            <param index="4">
              <value>
                <![CDATA[No Description]]>
              </value>
            </param>
            <param index="5">
              <value>
                <![CDATA[Contact]]>
              </value>
            </param>
            <param index="6">
              <value>
                <![CDATA[Do Not Email]]>
              </value>
            </param>
            <param index="7">
              <value>
                <![CDATA[25]]>
              </value>
            </param>
            <param index="8">
              <value>
                <![CDATA[May]]>
              </value>
            </param>
            <param index="9">
              <value>
                <![CDATA[1985]]>
              </value>
            </param>
          </params>
          <reporter-output>
          </reporter-output>
        </test-method> <!-- createNewContactTest -->
        <test-method status="PASS" signature="tearDown()[pri:0, instance:com.TestProject.qa.Testcases.ContactPageTest@3d8314f0]" name="tearDown" is-config="true" duration-ms="610" started-at="2019-04-24T14:55:18Z" finished-at="2019-04-24T14:55:18Z">
          <reporter-output>
          </reporter-output>
        </test-method> <!-- tearDown -->
      </class> <!-- com.TestProject.qa.Testcases.ContactPageTest -->
    </test> <!-- Functional Automation Tests -->
  </suite> <!-- Test Project Automation Suite -->
</testng-results>
